This is METAFONT, Version 2.7182 (base=plain 2008.7.2)  6 APR 2012 12:56
**&plain font.mf
(font.mf (glyphs.mf (glyphs/uc/A.mf [65]) (glyphs/uc/B.mf [66]) (glyphs/uc/C.mf
[67]) (glyphs/uc/D.mf [68]) (glyphs/uc/E.mf [69]) (glyphs/uc/F.mf [70])
(glyphs/uc/G.mf [71]) (glyphs/uc/H.mf [72]) (glyphs/uc/I.mf [73])
(glyphs/uc/J.mf [74]) (glyphs/uc/K.mf [75]) (glyphs/uc/L.mf [76])
(glyphs/uc/M.mf [77]) (glyphs/uc/N.mf [78]) (glyphs/uc/O.mf [79])
(glyphs/uc/P.mf [80]) (glyphs/uc/Q.mf [81]) (glyphs/uc/R.mf [82])
(glyphs/uc/S.mf [83]) (glyphs/uc/T.mf [84]) (glyphs/uc/U.mf [85])
(glyphs/uc/V.mf [86]) (glyphs/uc/W.mf [87]) (glyphs/uc/X.mf [88])
(glyphs/uc/Y.mf [89]) (glyphs/uc/Z.mf [90]) (glyphs/lc/a.mf [97])
(glyphs/lc/b.mf [98]) (glyphs/lc/c.mf [99]) (glyphs/lc/d.mf [100])
(glyphs/lc/e.mf [101]) (glyphs/lc/f.mf [102]) (glyphs/lc/g.mf [103])
(glyphs/lc/h.mf [104]) (glyphs/lc/i.mf [105]) (glyphs/lc/j.mf [106])
(glyphs/lc/k.mf [107]) (glyphs/lc/l.mf [108]) (glyphs/lc/m.mf [109])
(glyphs/lc/n.mf [110]) (glyphs/lc/o.mf [111]) (glyphs/lc/p.mf [112])
(glyphs/lc/q.mf [113]) (glyphs/lc/r.mf [114]) (glyphs/lc/s.mf [115])
(glyphs/lc/t.mf [116]) (glyphs/lc/u.mf [117]) (glyphs/lc/v.mf [118])
(glyphs/lc/w.mf [119]) (glyphs/lc/x.mf [120]) (glyphs/lc/y.mf [121])
(glyphs/lc/z.mf [122]) (glyphs/num/0.mf [48]) (glyphs/num/1.mf [49])
(glyphs/num/2.mf [50]) (glyphs/num/3.mf [51]) (glyphs/num/4.mf [52])
(glyphs/num/5.mf [53]) (glyphs/num/6.mf [54]) (glyphs/num/7.mf [55])
(glyphs/num/8.mf [56]) (glyphs/num/9.mf [57]) (glyphs/punct/comma.mf [44])
(glyphs/punct/hyphen.mf [45]) (glyphs/punct/plus.mf [43])
(glyphs/punct/equal.mf [61]) (glyphs/punct/slash.mf [47])
(glyphs/punct/colon.mf [58]) (glyphs/punct/semicolon.mf [59])
(glyphs/punct/period.mf [46]) (glyphs/punct/excl.mf [33])
(glyphs/punct/question.mf [63]) (glyphs/punct/amp.mf [38])
(glyphs/punct/space.mf [32])) )
Output written on font.2602gf (74 characters, 90824 bytes).
